TEST FAILED WITH ERROR: Linda navigate to Welcome screen
---------------------------------------------------------------------
[main] ERROR net.serenitybdd.core.Serenity - TEST FAILED AT STEP Linda clicks on next
[main] ERROR net.serenitybdd.core.Serenity - The following error occurred: Returned value cannot be converted to WebElement: {element-6066-11e4-a52e-4f735466cecf=15000000-0000-0000-9F07-000000000000}
[main] ERROR net.serenitybdd.core.Serenity - 
           __  _____ _____ ____ _____   _____ _    ___ _     _____ ____  
  _       / / |_   _| ____/ ___|_   _| |  ___/ \  |_ _| |   | ____|  _ \ 
 (_)_____| |    | | |  _| \___ \ | |   | |_ / _ \  | || |   |  _| | | | |
  _|_____| |    | | | |___ ___) || |   |  _/ ___ \ | || |___| |___| |_| |
 (_)     | |    |_| |_____|____/ |_|   |_|/_/   \_\___|_____|_____|____/ 
          \_\                                                            

TEST FAILED WITH ERROR: Linda navigate to Welcome screen
---------------------------------------------------------------------
[main] ERROR net.serenitybdd.core.Serenity - TEST FAILED AT STEP Linda clicks on next
[main] ERROR net.serenitybdd.core.Serenity - The following error occurred: Returned value cannot be converted to WebElement: {element-6066-11e4-a52e-4f735466cecf=15000000-0000-0000-9F07-000000000000}

Failed scenarios:
src/test/resources/features/add_notes.feature:22 # Linda navigate to Welcome screen

1 Scenarios (1 failed)
1 Steps (1 failed)
0m17.545s

net.serenitybdd.core.exceptions.SerenityManagedException: The following error occurred: Returned value cannot be converted to WebElement: {element-6066-11e4-a52e-4f735466cecf=15000000-0000-0000-9F07-000000000000}
Build info: version: '3.8.1', revision: '6e95a6684b', time: '2017-12-01T18:33:54.468Z'
System info: host: 'Charles-Macbook-Pro.local', ip: 'fe80:0:0:0:45a:d8df:6de7:c832%en0', os.name: 'Mac OS X', os.arch: 'x86_64', os.version: '10.13.4', java.version: '1.8.0_181'
Driver info: driver.version: IOSDriver
	at org.openqa.selenium.remote.RemoteWebDriver.findElement(RemoteWebDriver.java:378)
	at io.appium.java_client.DefaultGenericMobileDriver.findElement(DefaultGenericMobileDriver.java:62)
	at io.appium.java_client.AppiumDriver.findElement(AppiumDriver.java:1)
	at io.appium.java_client.ios.IOSDriver.findElement(IOSDriver.java:1)
	at org.openqa.selenium.remote.RemoteWebDriver.findElementByXPath(RemoteWebDriver.java:473)
	at io.appium.java_client.DefaultGenericMobileDriver.findElementByXPath(DefaultGenericMobileDriver.java:140)
	at io.appium.java_client.AppiumDriver.findElementByXPath(AppiumDriver.java:1)
	at io.appium.java_client.ios.IOSDriver.findElementByXPath(IOSDriver.java:1)
	at org.openqa.selenium.By$ByXPath.findElement(By.java:361)
	at org.openqa.selenium.remote.RemoteWebDriver.findElement(RemoteWebDriver.java:363)
	at io.appium.java_client.DefaultGenericMobileDriver.findElement(DefaultGenericMobileDriver.java:58)
	at io.appium.java_client.AppiumDriver.findElement(AppiumDriver.java:1)
	at io.appium.java_client.ios.IOSDriver.findElement(IOSDriver.java:1)
	at net.thucydides.core.webdriver.WebDriverFacade.findElement(WebDriverFacade.java:278)
	at net.serenitybdd.core.pages.WebElementResolverByLocator.resolveForDriver(WebElementResolverByLocator.java:16)
	at net.serenitybdd.core.pages.WebElementFacadeImpl.getElement(WebElementFacadeImpl.java:209)
	at net.serenitybdd.core.pages.WebElementExpectations$3.apply(WebElementExpectations.java:63)
	at net.serenitybdd.core.pages.WebElementExpectations$3.apply(WebElementExpectations.java:55)
	at org.openqa.selenium.support.ui.FluentWait.until(FluentWait.java:208)
	at net.serenitybdd.core.pages.WebElementFacadeImpl.waitUntilEnabled(WebElementFacadeImpl.java:965)
	at net.serenitybdd.core.pages.WebElementFacadeImpl.waitUntilElementAvailable(WebElementFacadeImpl.java:807)
	at net.serenitybdd.core.pages.WebElementFacadeImpl.click(WebElementFacadeImpl.java:1044)
	at net.serenitybdd.screenplay.actions.ClickOnTarget.performAs(ClickOnTarget.java:13)
	at net.serenitybdd.screenplay.actions.ClickOnTarget$$EnhancerByCGLIB$$e3f2ec6d.CGLIB$performAs$0(<generated>)
	at net.serenitybdd.screenplay.actions.ClickOnTarget$$EnhancerByCGLIB$$e3f2ec6d$$FastClassByCGLIB$$eb009f51.invoke(<generated>)
	at net.sf.cglib.proxy.MethodProxy.invokeSuper(MethodProxy.java:228)
	at net.thucydides.core.steps.StepInterceptor.invokeMethod(StepInterceptor.java:450)
	at net.thucydides.core.steps.StepInterceptor.executeTestStepMethod(StepInterceptor.java:435)
	at net.thucydides.core.steps.StepInterceptor.runTestStep(StepInterceptor.java:410)
	at net.thucydides.core.steps.StepInterceptor.runOrSkipMethod(StepInterceptor.java:151)
	at net.thucydides.core.steps.StepInterceptor.testStepResult(StepInterceptor.java:138)
	at net.thucydides.core.steps.StepInterceptor.intercept(StepInterceptor.java:69)
	at net.serenitybdd.screenplay.actions.ClickOnTarget$$EnhancerByCGLIB$$e3f2ec6d.performAs(<generated>)
	at net.serenitybdd.screenplay.Actor.perform(Actor.java:102)
	at net.serenitybdd.screenplay.Actor.attemptsTo(Actor.java:86)
	at net.poc.tasks.Start.performAs(Start.java:30)
	at net.poc.tasks.Start$$EnhancerByCGLIB$$d526a4b1.CGLIB$performAs$0(<generated>)
	at net.poc.tasks.Start$$EnhancerByCGLIB$$d526a4b1$$FastClassByCGLIB$$83400996.invoke(<generated>)
	at net.sf.cglib.proxy.MethodProxy.invokeSuper(MethodProxy.java:228)
	at net.thucydides.core.steps.StepInterceptor.invokeMethod(StepInterceptor.java:450)
	at net.thucydides.core.steps.StepInterceptor.executeTestStepMethod(StepInterceptor.java:435)
	at net.thucydides.core.steps.StepInterceptor.runTestStep(StepInterceptor.java:410)
	at net.thucydides.core.steps.StepInterceptor.runOrSkipMethod(StepInterceptor.java:151)
	at net.thucydides.core.steps.StepInterceptor.testStepResult(StepInterceptor.java:138)
	at net.thucydides.core.steps.StepInterceptor.intercept(StepInterceptor.java:69)
	at net.poc.tasks.Start$$EnhancerByCGLIB$$d526a4b1.performAs(<generated>)
	at net.serenitybdd.screenplay.Actor.perform(Actor.java:102)
	at net.serenitybdd.screenplay.Actor.attemptsTo(Actor.java:86)
	at net.poc.steps.NoteUserSteps.that_linda_has_a_mobile_containing_SPApp_installed(NoteUserSteps.java:55)
	at âœ½.that Linda has a mobile containing SPApp installed(src/test/resources/features/add_notes.feature:23)
Caused by: java.lang.ClassCastException: java.util.HashMap cannot be cast to org.openqa.selenium.WebElement
	at org.openqa.selenium.remote.RemoteWebDriver.findElement(RemoteWebDriver.java:376)
	at io.appium.java_client.DefaultGenericMobileDriver.findElement(DefaultGenericMobileDriver.java:62)
	at io.appium.java_client.AppiumDriver.findElement(AppiumDriver.java:1)
	at io.appium.java_client.ios.IOSDriver.findElement(IOSDriver.java:1)
	at org.openqa.selenium.remote.RemoteWebDriver.findElementByXPath(RemoteWebDriver.java:473)
	at io.appium.java_client.DefaultGenericMobileDriver.findElementByXPath(DefaultGenericMobileDriver.java:140)
	at io.appium.java_client.AppiumDriver.findElementByXPath(AppiumDriver.java:1)
	at io.appium.java_client.ios.IOSDriver.findElementByXPath(IOSDriver.java:1)
	at org.openqa.selenium.By$ByXPath.findElement(By.java:361)
	at org.openqa.selenium.remote.RemoteWebDriver.findElement(RemoteWebDriver.java:363)
	at io.appium.java_client.DefaultGenericMobileDriver.findElement(DefaultGenericMobileDriver.java:58)
	at io.appium.java_client.AppiumDriver.findElement(AppiumDriver.java:1)
	at io.appium.java_client.ios.IOSDriver.findElement(IOSDriver.java:1)
	at net.thucydides.core.webdriver.WebDriverFacade.findElement(WebDriverFacade.java:278)
	at net.serenitybdd.core.pages.WebElementResolverByLocator.resolveForDriver(WebElementResolverByLocator.java:16)
	at net.serenitybdd.core.pages.WebElementFacadeImpl.getElement(WebElementFacadeImpl.java:209)
	at net.serenitybdd.core.pages.WebElementExpectations$3.apply(WebElementExpectations.java:63)
	at net.serenitybdd.core.pages.WebElementExpectations$3.apply(WebElementExpectations.java:55)
	at org.openqa.selenium.support.ui.FluentWait.until(FluentWait.java:208)
	at net.serenitybdd.core.pages.WebElementFacadeImpl.waitUntilEnabled(WebElementFacadeImpl.java:965)
	at net.serenitybdd.core.pages.WebElementFacadeImpl.waitUntilElementAvailable(WebElementFacadeImpl.java:807)
	at net.serenitybdd.core.pages.WebElementFacadeImpl.click(WebElementFacadeImpl.java:1044)
	at net.serenitybdd.screenplay.actions.ClickOnTarget.performAs(ClickOnTarget.java:13)
	at net.serenitybdd.screenplay.actions.ClickOnTarget$$EnhancerByCGLIB$$e3f2ec6d.CGLIB$performAs$0(<generated>)
	at net.serenitybdd.screenplay.actions.ClickOnTarget$$EnhancerByCGLIB$$e3f2ec6d$$FastClassByCGLIB$$eb009f51.invoke(<generated>)
	at net.sf.cglib.proxy.MethodProxy.invokeSuper(MethodProxy.java:228)
	at net.thucydides.core.steps.StepInterceptor.invokeMethod(StepInterceptor.java:450)
	at net.thucydides.core.steps.StepInterceptor.executeTestStepMethod(StepInterceptor.java:435)
	at net.thucydides.core.steps.StepInterceptor.runTestStep(StepInterceptor.java:410)
	at net.thucydides.core.steps.StepInterceptor.runOrSkipMethod(StepInterceptor.java:151)
	at net.thucydides.core.steps.StepInterceptor.testStepResult(StepInterceptor.java:138)
	at net.thucydides.core.steps.StepInterceptor.intercept(StepInterceptor.java:69)
	at net.serenitybdd.screenplay.actions.ClickOnTarget$$EnhancerByCGLIB$$e3f2ec6d.performAs(<generated>)
	at net.serenitybdd.screenplay.Actor.perform(Actor.java:102)
	at net.serenitybdd.screenplay.Actor.attemptsTo(Actor.java:86)
	at net.poc.tasks.Start.performAs(Start.java:30)
	at net.poc.tasks.Start$$EnhancerByCGLIB$$d526a4b1.CGLIB$performAs$0(<generated>)
	at net.poc.tasks.Start$$EnhancerByCGLIB$$d526a4b1$$FastClassByCGLIB$$83400996.invoke(<generated>)
	at net.sf.cglib.proxy.MethodProxy.invokeSuper(MethodProxy.java:228)
	at net.thucydides.core.steps.StepInterceptor.invokeMethod(StepInterceptor.java:450)
	at net.thucydides.core.steps.StepInterceptor.executeTestStepMethod(StepInterceptor.java:435)
	at net.thucydides.core.steps.StepInterceptor.runTestStep(StepInterceptor.java:410)
	at net.thucydides.core.steps.StepInterceptor.runOrSkipMethod(StepInterceptor.java:151)
	at net.thucydides.core.steps.StepInterceptor.testStepResult(StepInterceptor.java:138)
	at net.thucydides.core.steps.StepInterceptor.intercept(StepInterceptor.java:69)
	at net.poc.tasks.Start$$EnhancerByCGLIB$$d526a4b1.performAs(<generated>)
	at net.serenitybdd.screenplay.Actor.perform(Actor.java:102)
	at net.serenitybdd.screenplay.Actor.attemptsTo(Actor.java:86)
	at net.poc.steps.NoteUserSteps.that_linda_has_a_mobile_containing_SPApp_installed(NoteUserSteps.java:55)
	at sun.reflect.NativeMethodAccessorImpl.invoke0(Native Method)
	at sun.reflect.NativeMethodAccessorImpl.invoke(NativeMethodAccessorImpl.java:62)
	at sun.reflect.DelegatingMethodAccessorImpl.invoke(DelegatingMethodAccessorImpl.java:43)
	at java.lang.reflect.Method.invoke(Method.java:498)
	at cucumber.runtime.Utils$1.call(Utils.java:32)
	at cucumber.runtime.Timeout.timeout(Timeout.java:16)
	at cucumber.runtime.Utils.invoke(Utils.java:26)
	at cucumber.runtime.java.JavaStepDefinition.execute(JavaStepDefinition.java:37)
	at cucumber.runtime.StepDefinitionMatch.runStep(StepDefinitionMatch.java:40)
	at cucumber.api.TestStep.executeStep(TestStep.java:102)
	at cucumber.api.TestStep.run(TestStep.java:83)
	at cucumber.api.TestCase.run(TestCase.java:58)
	at cucumber.runner.Runner.runPickle(Runner.java:80)
	at cucumber.runtime.junit.PickleRunners$NoStepDescriptions.run(PickleRunners.java:140)
	at cucumber.runtime.junit.FeatureRunner.runChild(FeatureRunner.java:68)
	at cucumber.runtime.junit.FeatureRunner.runChild(FeatureRunner.java:23)
	at org.junit.runners.ParentRunner$3.run(ParentRunner.java:290)
	at org.junit.runners.ParentRunner$1.schedule(ParentRunner.java:71)
	at org.junit.runners.ParentRunner.runChildren(ParentRunner.java:288)
	at org.junit.runners.ParentRunner.access$000(ParentRunner.java:58)
	at org.junit.runners.ParentRunner$2.evaluate(ParentRunner.java:268)
	at org.junit.runners.ParentRunner.run(ParentRunner.java:363)
	at cucumber.runtime.junit.FeatureRunner.run(FeatureRunner.java:73)
	at cucumber.api.junit.Cucumber.runChild(Cucumber.java:117)
	at cucumber.api.junit.Cucumber.runChild(Cucumber.java:55)
	at org.junit.runners.ParentRunner$3.run(ParentRunner.java:290)
	at org.junit.runners.ParentRunner$1.schedule(ParentRunner.java:71)
	at org.junit.runners.ParentRunner.runChildren(ParentRunner.java:288)
	at org.junit.runners.ParentRunner.access$000(ParentRunner.java:58)
	at org.junit.runners.ParentRunner$2.evaluate(ParentRunner.java:268)
	at cucumber.api.junit.Cucumber$1.evaluate(Cucumber.java:126)
	at org.junit.internal.runners.statements.RunBefores.evaluate(RunBefores.java:26)
	at org.junit.internal.runners.statements.RunAfters.evaluate(RunAfters.java:27)
	at org.junit.runners.ParentRunner.run(ParentRunner.java:363)
	at org.apache.maven.surefire.junit4.JUnit4Provider.execute(JUnit4Provider.java:367)
	at org.apache.maven.surefire.junit4.JUnit4Provider.executeWithRerun(JUnit4Provider.java:274)
	at org.apache.maven.surefire.junit4.JUnit4Provider.executeTestSet(JUnit4Provider.java:238)
	at org.apache.maven.surefire.junit4.JUnit4Provider.invoke(JUnit4Provider.java:161)
	at org.apache.maven.surefire.booter.ForkedBooter.invokeProviderInSameClassLoader(ForkedBooter.java:290)
	at org.apache.maven.surefire.booter.ForkedBooter.runSuitesInProcess(ForkedBooter.java:242)
	at org.apache.maven.surefire.booter.ForkedBooter.main(ForkedBooter.java:121)